<?xml version="1.0" encoding="UTF-8"?>
<!-- Generated by org.testng.reporters.JUnitXMLReporter -->
<testsuite ignored="4" hostname="LAPTOP-C1E9K0HP" failures="0" tests="4" name="combo" time="0.149" errors="0" timestamp="2022-06-23T17:30:44 IST">
  <testcase classname="includeExcludeUse.IncludeUse" name="s" time="0.015"/>
  <testcase classname="includeExcludeUse.ExcludeUse" name="h" time="0.002"/>
  <testcase classname="includeExcludeUse.ExcludeUse" name="i" time="0.004"/>
  <testcase classname="includeExcludeUse.ExcludeUse" name="s" time="0.002"/>
  <testcase classname="includeExcludeUse.IncludeUse" name="v" time="0.0">
    <ignored/>
  </testcase> <!-- v -->
  <testcase classname="includeExcludeUse.IncludeUse" name="h" time="0.0">
    <ignored/>
  </testcase> <!-- h -->
  <testcase classname="includeExcludeUse.ExcludeUse" name="v" time="0.0">
    <ignored/>
  </testcase> <!-- v -->
  <testcase classname="includeExcludeUse.IncludeUse" name="i" time="0.0">
    <ignored/>
  </testcase> <!-- i -->
</testsuite> <!-- combo -->
