<?xml version="1.0" encoding="UTF-8"?>
<!-- Generated by org.testng.reporters.JUnitXMLReporter -->
<testsuite ignored="2" hostname="LAPTOP-C1E9K0HP" failures="0" tests="2" name="pooja" time="0.127" errors="0" timestamp="2022-06-23T17:12:22 IST">
  <testcase classname="includeExcludeUse.IncludeUse" name="i" time="0.014"/>
  <testcase classname="includeExcludeUse.IncludeUse" name="v" time="0.004"/>
  <testcase classname="includeExcludeUse.IncludeUse" name="h" time="0.0">
    <ignored/>
  </testcase> <!-- h -->
  <testcase classname="includeExcludeUse.IncludeUse" name="s" time="0.0">
    <ignored/>
  </testcase> <!-- s -->
</testsuite> <!-- pooja -->
