<?xml version="1.0" encoding="UTF-8"?>
<!-- Generated by org.testng.reporters.JUnitXMLReporter -->
<testsuite ignored="0" hostname="LAPTOP-C1E9K0HP" failures="0" tests="1" name="TestFirefox" time="11.645" errors="0" timestamp="2022-07-06T17:20:13 IST">
  <testcase classname="crossBrowserTesting.ValidateKiteUserIDCross" name="@BeforeMethod loginToKiteApp" time="0.007">
    <failure type="java.lang.NullPointerException">
      <![CDATA[java.lang.NullPointerException
at org.openqa.selenium.support.pagefactory.DefaultElementLocator.findElement(DefaultElementLocator.java:70)
at org.openqa.selenium.support.pagefactory.internal.LocatingElementHandler.invoke(LocatingElementHandler.java:39)
at com.sun.proxy.$Proxy21.sendKeys(Unknown Source)
at kitePOMUsingTestNG.KteLogin.senduserName(KteLogin.java:26)
at crossBrowserTesting.ValidateKiteUserIDCross.loginToKiteApp(ValidateKiteUserIDCross.java:64)
at java.base/java.util.ArrayList.forEach(ArrayList.java:1541)
... Removed 31 stack frames]]>
    </failure>
  </testcase> <!-- @BeforeMethod loginToKiteApp -->
  <testcase classname="crossBrowserTesting.ValidateKiteUserIDCross" name="@AfterMethod logOutFromKite" time="-1.65710821346E9">
    <skipped/>
  </testcase> <!-- @AfterMethod logOutFromKite -->
  <testcase classname="crossBrowserTesting.ValidateKiteUserIDCross" name="@AfterClass closeBrowser" time="-1.657108213505E9">
    <skipped/>
  </testcase> <!-- @AfterClass closeBrowser -->
  <testcase classname="crossBrowserTesting.ValidateKiteUserIDCross" name="validateUserID" time="0.0">
    <skipped/>
  </testcase> <!-- validateUserID -->
</testsuite> <!-- TestFirefox -->
