<?xml version="1.0" encoding="UTF-8"?>
<!-- Generated by org.testng.reporters.JUnitXMLReporter -->
<testsuite ignored="3" hostname="LAPTOP-C1E9K0HP" failures="0" tests="5" name="Test" time="0.118" errors="0" timestamp="2022-07-12T14:20:56 IST">
  <testcase classname="testNGgrouping.Testt2" name="i" time="0.014"/>
  <testcase classname="testNGgrouping.Testt2" name="v" time="0.002"/>
  <testcase classname="testNGgrouping.Testt1" name="h" time="0.002"/>
  <testcase classname="testNGgrouping.Testt1" name="i" time="0.004"/>
  <testcase classname="testNGgrouping.Testt1" name="v" time="0.001"/>
  <testcase classname="testNGgrouping.Testt1" name="s" time="0.0">
    <ignored/>
  </testcase> <!-- s -->
  <testcase classname="testNGgrouping.Testt2" name="s" time="0.0">
    <ignored/>
  </testcase> <!-- s -->
  <testcase classname="testNGgrouping.Testt2" name="h" time="0.0">
    <ignored/>
  </testcase> <!-- h -->
</testsuite> <!-- Test -->
