<?xml version="1.0" encoding="UTF-8"?>
<!-- Generated by org.testng.reporters.JUnitXMLReporter -->
<testsuite ignored="2" hostname="LAPTOP-C1E9K0HP" failures="0" tests="2" name="varsha" time="0.129" errors="0" timestamp="2022-07-10T19:20:48 IST">
  <testcase classname="testNGincludeExcludeUse.ExcludeUse" name="i" time="0.015"/>
  <testcase classname="testNGincludeExcludeUse.ExcludeUse" name="v" time="0.005"/>
  <testcase classname="testNGincludeExcludeUse.ExcludeUse" name="s" time="0.0">
    <ignored/>
  </testcase> <!-- s -->
  <testcase classname="testNGincludeExcludeUse.ExcludeUse" name="h" time="0.0">
    <ignored/>
  </testcase> <!-- h -->
</testsuite> <!-- varsha -->
