<?xml version="1.0" encoding="UTF-8"?>
<testng-results ignored="0" total="2" passed="2" failed="0" skipped="0">
  <reporter-output>
  </reporter-output>
  <suite started-at="2022-07-12T15:16:02 IST" name="Suite" finished-at="2022-07-12T15:17:06 IST" duration-ms="63513">
    <groups>
    </groups>
    <test started-at="2022-07-12T15:16:02 IST" name="FirefoxTest" finished-at="2022-07-12T15:16:34 IST" duration-ms="31526">
      <class name="testNGNewCrossBrowser.NewCrossBrowserTest">
        <test-method signature="MyTest(java.lang.String)[pri:0, instance:testNGNewCrossBrowser.NewCrossBrowserTest@1af2d44a]" started-at="2022-07-12T15:16:02 IST" name="MyTest" finished-at="2022-07-12T15:16:34 IST" duration-ms="31444" status="PASS">
          <params>
            <param index="0">
              <value>
                <![CDATA[firefox]]>
              </value>
            </param>
          </params>
          <reporter-output>
          </reporter-output>
        </test-method> <!-- MyTest -->
      </class> <!-- testNGNewCrossBrowser.NewCrossBrowserTest -->
    </test> <!-- FirefoxTest -->
    <test started-at="2022-07-12T15:16:34 IST" name="chromeTest" finished-at="2022-07-12T15:17:06 IST" duration-ms="31897">
      <class name="testNGNewCrossBrowser.NewCrossBrowserTest">
        <test-method signature="MyTest(java.lang.String)[pri:0, instance:testNGNewCrossBrowser.NewCrossBrowserTest@60bd273d]" started-at="2022-07-12T15:16:34 IST" name="MyTest" finished-at="2022-07-12T15:17:06 IST" duration-ms="31890" status="PASS">
          <params>
            <param index="0">
              <value>
                <![CDATA[chrome]]>
              </value>
            </param>
          </params>
          <reporter-output>
          </reporter-output>
        </test-method> <!-- MyTest -->
      </class> <!-- testNGNewCrossBrowser.NewCrossBrowserTest -->
    </test> <!-- chromeTest -->
  </suite> <!-- Suite -->
</testng-results>
